[16-Jan-2020 00:13:46] NOTICE: Terminating ...
[16-Jan-2020 00:13:46] NOTICE: exiting, bye-bye!
[16-Jan-2020 00:13:57] NOTICE: fpm is running, pid 8
[16-Jan-2020 00:13:57] NOTICE: ready to handle connections
[16-Jan-2020 00:13:57] NOTICE: systemd monitor interval set to 10000ms
[16-Jan-2020 00:17:34] NOTICE: Terminating ...
[16-Jan-2020 00:17:34] NOTICE: exiting, bye-bye!
[16-Jan-2020 00:17:44] NOTICE: fpm is running, pid 9
[16-Jan-2020 00:17:44] NOTICE: ready to handle connections
[16-Jan-2020 00:17:44] NOTICE: systemd monitor interval set to 10000ms
[16-Jan-2020 00:32:08] NOTICE: Terminating ...
[16-Jan-2020 00:32:08] NOTICE: exiting, bye-bye!
[16-Jan-2020 00:32:22] NOTICE: fpm is running, pid 8
[16-Jan-2020 00:32:22] NOTICE: ready to handle connections
[16-Jan-2020 00:32:22] NOTICE: systemd monitor interval set to 10000ms
[16-Jan-2020 00:33:37] NOTICE: Terminating ...
[16-Jan-2020 00:33:37] NOTICE: exiting, bye-bye!
[16-Jan-2020 00:33:55] NOTICE: fpm is running, pid 8
[16-Jan-2020 00:33:55] NOTICE: ready to handle connections
[16-Jan-2020 00:33:55] NOTICE: systemd monitor interval set to 10000ms
[16-Jan-2020 00:34:56] NOTICE: Terminating ...
[16-Jan-2020 00:34:56] NOTICE: exiting, bye-bye!
[16-Jan-2020 00:35:06] NOTICE: fpm is running, pid 9
[16-Jan-2020 00:35:06] NOTICE: ready to handle connections
[16-Jan-2020 00:35:06] NOTICE: systemd monitor interval set to 10000ms
[16-Jan-2020 00:37:51] NOTICE: Terminating ...
[16-Jan-2020 00:37:51] NOTICE: exiting, bye-bye!
[16-Jan-2020 00:38:03] NOTICE: fpm is running, pid 8
[16-Jan-2020 00:38:03] NOTICE: ready to handle connections
[16-Jan-2020 00:38:03] NOTICE: systemd monitor interval set to 10000ms
[16-Jan-2020 00:38:40] NOTICE: Terminating ...
[16-Jan-2020 00:38:40] NOTICE: exiting, bye-bye!
[16-Jan-2020 00:38:50] NOTICE: fpm is running, pid 8
[16-Jan-2020 00:38:50] NOTICE: ready to handle connections
[16-Jan-2020 00:38:50] NOTICE: systemd monitor interval set to 10000ms
[16-Jan-2020 00:41:34] NOTICE: Terminating ...
[16-Jan-2020 00:41:34] NOTICE: exiting, bye-bye!
[16-Jan-2020 00:41:35] ERROR: [pool www] cannot get uid for user 'www-data'
[16-Jan-2020 00:41:35] ERROR: FPM initialization failed
[16-Jan-2020 00:41:36] ERROR: [pool www] cannot get uid for user 'www-data'
[16-Jan-2020 00:41:36] ERROR: FPM initialization failed
[16-Jan-2020 00:41:38] ERROR: [pool www] cannot get uid for user 'www-data'
[16-Jan-2020 00:41:38] ERROR: FPM initialization failed
[16-Jan-2020 00:41:42] ERROR: [pool www] cannot get uid for user 'www-data'
[16-Jan-2020 00:41:42] ERROR: FPM initialization failed
[16-Jan-2020 00:42:04] NOTICE: fpm is running, pid 44
[16-Jan-2020 00:42:04] NOTICE: ready to handle connections
[16-Jan-2020 00:42:04] NOTICE: systemd monitor interval set to 10000ms
[16-Jan-2020 00:43:25] NOTICE: Terminating ...
[16-Jan-2020 00:43:25] NOTICE: exiting, bye-bye!
[16-Jan-2020 00:43:26] NOTICE: fpm is running, pid 55
[16-Jan-2020 00:43:26] NOTICE: ready to handle connections
[16-Jan-2020 00:43:26] NOTICE: systemd monitor interval set to 10000ms
[16-Jan-2020 00:45:27] NOTICE: Terminating ...
[16-Jan-2020 00:45:27] NOTICE: exiting, bye-bye!
[16-Jan-2020 00:47:24] NOTICE: fpm is running, pid 8
[16-Jan-2020 00:47:24] NOTICE: ready to handle connections
[16-Jan-2020 00:47:24] NOTICE: systemd monitor interval set to 10000ms
[16-Jan-2020 00:50:20] NOTICE: Terminating ...
[16-Jan-2020 00:50:20] NOTICE: exiting, bye-bye!
[16-Jan-2020 00:52:39] NOTICE: fpm is running, pid 8
[16-Jan-2020 00:52:39] NOTICE: ready to handle connections
[16-Jan-2020 00:52:39] NOTICE: systemd monitor interval set to 10000ms
[16-Jan-2020 00:55:13] NOTICE: Terminating ...
[16-Jan-2020 00:55:13] NOTICE: exiting, bye-bye!
[16-Jan-2020 00:55:51] NOTICE: fpm is running, pid 8
[16-Jan-2020 00:55:51] NOTICE: ready to handle connections
[16-Jan-2020 00:55:51] NOTICE: systemd monitor interval set to 10000ms
[16-Jan-2020 01:08:38] NOTICE: Terminating ...
[16-Jan-2020 01:08:38] NOTICE: exiting, bye-bye!
[16-Jan-2020 01:08:40] NOTICE: fpm is running, pid 31
[16-Jan-2020 01:08:40] NOTICE: ready to handle connections
[16-Jan-2020 01:08:40] NOTICE: systemd monitor interval set to 10000ms
[16-Jan-2020 10:45:30] NOTICE: Terminating ...
[16-Jan-2020 10:45:30] NOTICE: exiting, bye-bye!
[16-Jan-2020 10:45:43] NOTICE: fpm is running, pid 8
[16-Jan-2020 10:45:43] NOTICE: ready to handle connections
[16-Jan-2020 10:45:43] NOTICE: systemd monitor interval set to 10000ms
[16-Jan-2020 10:46:57] NOTICE: Terminating ...
[16-Jan-2020 10:46:57] NOTICE: exiting, bye-bye!
[16-Jan-2020 10:47:10] NOTICE: fpm is running, pid 11
[16-Jan-2020 10:47:10] NOTICE: ready to handle connections
[16-Jan-2020 10:47:10] NOTICE: systemd monitor interval set to 10000ms
[16-Jan-2020 10:57:15] NOTICE: Terminating ...
[16-Jan-2020 10:57:16] NOTICE: exiting, bye-bye!
[16-Jan-2020 10:57:17] NOTICE: fpm is running, pid 48
[16-Jan-2020 10:57:17] NOTICE: ready to handle connections
[16-Jan-2020 10:57:17] NOTICE: systemd monitor interval set to 10000ms
[16-Jan-2020 10:59:24] NOTICE: Terminating ...
[16-Jan-2020 10:59:24] NOTICE: exiting, bye-bye!
[16-Jan-2020 10:59:25] NOTICE: fpm is running, pid 53
[16-Jan-2020 10:59:25] NOTICE: ready to handle connections
[16-Jan-2020 10:59:25] NOTICE: systemd monitor interval set to 10000ms
[16-Jan-2020 10:59:51] NOTICE: Terminating ...
[16-Jan-2020 10:59:51] NOTICE: exiting, bye-bye!
[16-Jan-2020 11:00:05] NOTICE: fpm is running, pid 8
[16-Jan-2020 11:00:05] NOTICE: ready to handle connections
[16-Jan-2020 11:00:05] NOTICE: systemd monitor interval set to 10000ms
[16-Jan-2020 11:28:33] NOTICE: Terminating ...
[16-Jan-2020 11:28:33] NOTICE: exiting, bye-bye!
