[19-Jan-2020 12:17:42] NOTICE: Terminating ...
[19-Jan-2020 12:17:42] NOTICE: exiting, bye-bye!
[19-Jan-2020 12:18:24] NOTICE: fpm is running, pid 8
[19-Jan-2020 12:18:24] NOTICE: ready to handle connections
[19-Jan-2020 12:18:24] NOTICE: systemd monitor interval set to 10000ms
[19-Jan-2020 12:18:49] NOTICE: Terminating ...
[19-Jan-2020 12:18:49] NOTICE: exiting, bye-bye!
[19-Jan-2020 12:19:02] NOTICE: fpm is running, pid 8
[19-Jan-2020 12:19:02] NOTICE: ready to handle connections
[19-Jan-2020 12:19:02] NOTICE: systemd monitor interval set to 10000ms
[19-Jan-2020 14:20:27] NOTICE: Terminating ...
[19-Jan-2020 14:20:27] NOTICE: exiting, bye-bye!
[19-Jan-2020 14:20:42] NOTICE: fpm is running, pid 8
[19-Jan-2020 14:20:42] NOTICE: ready to handle connections
[19-Jan-2020 14:20:42] NOTICE: systemd monitor interval set to 10000ms
[19-Jan-2020 14:35:26] NOTICE: Terminating ...
[19-Jan-2020 14:35:26] NOTICE: exiting, bye-bye!
[19-Jan-2020 14:35:36] NOTICE: fpm is running, pid 8
[19-Jan-2020 14:35:36] NOTICE: ready to handle connections
[19-Jan-2020 14:35:36] NOTICE: systemd monitor interval set to 10000ms
[19-Jan-2020 14:35:53] NOTICE: Terminating ...
[19-Jan-2020 14:35:53] NOTICE: exiting, bye-bye!
[19-Jan-2020 14:36:02] NOTICE: fpm is running, pid 8
[19-Jan-2020 14:36:02] NOTICE: ready to handle connections
[19-Jan-2020 14:36:02] NOTICE: systemd monitor interval set to 10000ms
[19-Jan-2020 14:38:40] NOTICE: Terminating ...
[19-Jan-2020 14:38:40] NOTICE: exiting, bye-bye!
[19-Jan-2020 14:38:49] NOTICE: fpm is running, pid 8
[19-Jan-2020 14:38:49] NOTICE: ready to handle connections
[19-Jan-2020 14:38:49] NOTICE: systemd monitor interval set to 10000ms
[19-Jan-2020 15:05:01] NOTICE: Terminating ...
[19-Jan-2020 15:05:01] NOTICE: exiting, bye-bye!
[19-Jan-2020 15:10:11] NOTICE: fpm is running, pid 9
[19-Jan-2020 15:10:11] NOTICE: ready to handle connections
[19-Jan-2020 15:10:11] NOTICE: systemd monitor interval set to 10000ms
[19-Jan-2020 15:14:19] NOTICE: Terminating ...
[19-Jan-2020 15:14:19] NOTICE: exiting, bye-bye!
[19-Jan-2020 15:14:28] NOTICE: fpm is running, pid 8
[19-Jan-2020 15:14:28] NOTICE: ready to handle connections
[19-Jan-2020 15:14:28] NOTICE: systemd monitor interval set to 10000ms
[19-Jan-2020 15:14:38] NOTICE: Terminating ...
[19-Jan-2020 15:14:38] NOTICE: exiting, bye-bye!
[19-Jan-2020 15:14:50] NOTICE: fpm is running, pid 8
[19-Jan-2020 15:14:50] NOTICE: ready to handle connections
[19-Jan-2020 15:14:50] NOTICE: systemd monitor interval set to 10000ms
[19-Jan-2020 15:15:24] NOTICE: Terminating ...
[19-Jan-2020 15:15:24] NOTICE: exiting, bye-bye!
[19-Jan-2020 15:15:33] NOTICE: fpm is running, pid 10
[19-Jan-2020 15:15:33] NOTICE: ready to handle connections
[19-Jan-2020 15:15:33] NOTICE: systemd monitor interval set to 10000ms
[19-Jan-2020 15:36:37] NOTICE: Terminating ...
[19-Jan-2020 15:36:37] NOTICE: exiting, bye-bye!
[19-Jan-2020 15:36:38] NOTICE: fpm is running, pid 34
[19-Jan-2020 15:36:38] NOTICE: ready to handle connections
[19-Jan-2020 15:36:38] NOTICE: systemd monitor interval set to 10000ms
[19-Jan-2020 15:47:55] NOTICE: Terminating ...
[19-Jan-2020 15:47:55] NOTICE: exiting, bye-bye!
[19-Jan-2020 15:48:09] NOTICE: fpm is running, pid 8
[19-Jan-2020 15:48:09] NOTICE: ready to handle connections
[19-Jan-2020 15:48:09] NOTICE: systemd monitor interval set to 10000ms
[19-Jan-2020 16:39:45] NOTICE: Terminating ...
[19-Jan-2020 16:39:45] NOTICE: exiting, bye-bye!
[19-Jan-2020 16:40:42] NOTICE: fpm is running, pid 8
[19-Jan-2020 16:40:42] NOTICE: ready to handle connections
[19-Jan-2020 16:40:42] NOTICE: systemd monitor interval set to 10000ms
[19-Jan-2020 17:55:14] NOTICE: Terminating ...
[19-Jan-2020 17:55:15] NOTICE: exiting, bye-bye!
[19-Jan-2020 17:55:37] NOTICE: fpm is running, pid 8
[19-Jan-2020 17:55:37] NOTICE: ready to handle connections
[19-Jan-2020 17:55:37] NOTICE: systemd monitor interval set to 10000ms
[19-Jan-2020 17:55:48] NOTICE: Terminating ...
[19-Jan-2020 17:55:48] NOTICE: exiting, bye-bye!
[19-Jan-2020 17:55:59] NOTICE: fpm is running, pid 8
[19-Jan-2020 17:55:59] NOTICE: ready to handle connections
[19-Jan-2020 17:55:59] NOTICE: systemd monitor interval set to 10000ms
[19-Jan-2020 17:59:43] NOTICE: Terminating ...
[19-Jan-2020 17:59:43] NOTICE: exiting, bye-bye!
[19-Jan-2020 17:59:54] NOTICE: fpm is running, pid 8
[19-Jan-2020 17:59:54] NOTICE: ready to handle connections
[19-Jan-2020 17:59:54] NOTICE: systemd monitor interval set to 10000ms
[20-Jan-2020 00:05:42] NOTICE: Terminating ...
[20-Jan-2020 00:05:42] NOTICE: exiting, bye-bye!
[20-Jan-2020 00:06:08] NOTICE: fpm is running, pid 9
[20-Jan-2020 00:06:08] NOTICE: ready to handle connections
[20-Jan-2020 00:06:08] NOTICE: systemd monitor interval set to 10000ms
[20-Jan-2020 10:26:42] NOTICE: Terminating ...
[20-Jan-2020 10:26:42] NOTICE: exiting, bye-bye!
[20-Jan-2020 10:27:10] NOTICE: fpm is running, pid 8
[20-Jan-2020 10:27:10] NOTICE: ready to handle connections
[20-Jan-2020 10:27:10] NOTICE: systemd monitor interval set to 10000ms
[20-Jan-2020 10:40:50] NOTICE: Terminating ...
[20-Jan-2020 10:40:50] NOTICE: exiting, bye-bye!
[20-Jan-2020 10:41:13] NOTICE: fpm is running, pid 8
[20-Jan-2020 10:41:13] NOTICE: ready to handle connections
[20-Jan-2020 10:41:13] NOTICE: systemd monitor interval set to 10000ms
[20-Jan-2020 10:48:58] NOTICE: Terminating ...
[20-Jan-2020 10:48:58] NOTICE: exiting, bye-bye!
[20-Jan-2020 10:49:08] NOTICE: fpm is running, pid 8
[20-Jan-2020 10:49:08] NOTICE: ready to handle connections
[20-Jan-2020 10:49:08] NOTICE: systemd monitor interval set to 10000ms
[20-Jan-2020 10:49:28] NOTICE: Terminating ...
[20-Jan-2020 10:49:28] NOTICE: exiting, bye-bye!
[20-Jan-2020 10:50:23] NOTICE: fpm is running, pid 9
[20-Jan-2020 10:50:23] NOTICE: ready to handle connections
[20-Jan-2020 10:50:23] NOTICE: systemd monitor interval set to 10000ms
[20-Jan-2020 10:51:51] NOTICE: Terminating ...
[20-Jan-2020 10:51:51] NOTICE: exiting, bye-bye!
[20-Jan-2020 10:52:04] NOTICE: fpm is running, pid 8
[20-Jan-2020 10:52:04] NOTICE: ready to handle connections
[20-Jan-2020 10:52:04] NOTICE: systemd monitor interval set to 10000ms
[20-Jan-2020 10:53:48] NOTICE: Terminating ...
[20-Jan-2020 10:53:48] NOTICE: exiting, bye-bye!
[20-Jan-2020 10:54:01] NOTICE: fpm is running, pid 8
[20-Jan-2020 10:54:01] NOTICE: ready to handle connections
[20-Jan-2020 10:54:01] NOTICE: systemd monitor interval set to 10000ms
[20-Jan-2020 14:39:56] NOTICE: Terminating ...
[20-Jan-2020 14:39:56] NOTICE: exiting, bye-bye!
[20-Jan-2020 14:40:13] NOTICE: fpm is running, pid 9
[20-Jan-2020 14:40:13] NOTICE: ready to handle connections
[20-Jan-2020 14:40:13] NOTICE: systemd monitor interval set to 10000ms
[20-Jan-2020 14:58:22] NOTICE: Terminating ...
[20-Jan-2020 14:58:22] NOTICE: exiting, bye-bye!
[20-Jan-2020 14:58:36] NOTICE: fpm is running, pid 8
[20-Jan-2020 14:58:36] NOTICE: ready to handle connections
[20-Jan-2020 14:58:36] NOTICE: systemd monitor interval set to 10000ms
[20-Jan-2020 15:49:15] NOTICE: Terminating ...
[20-Jan-2020 15:49:15] NOTICE: exiting, bye-bye!
[20-Jan-2020 15:50:28] NOTICE: fpm is running, pid 8
[20-Jan-2020 15:50:28] NOTICE: ready to handle connections
[20-Jan-2020 15:50:28] NOTICE: systemd monitor interval set to 10000ms
[21-Jan-2020 14:44:30] NOTICE: fpm is running, pid 8
[21-Jan-2020 14:44:30] NOTICE: ready to handle connections
[21-Jan-2020 14:44:30] NOTICE: systemd monitor interval set to 10000ms
[21-Jan-2020 14:45:40] NOTICE: Terminating ...
[21-Jan-2020 14:45:40] NOTICE: exiting, bye-bye!
[21-Jan-2020 14:50:30] NOTICE: fpm is running, pid 8
[21-Jan-2020 14:50:30] NOTICE: ready to handle connections
[21-Jan-2020 14:50:30] NOTICE: systemd monitor interval set to 10000ms
[21-Jan-2020 14:50:55] NOTICE: Terminating ...
[21-Jan-2020 14:50:55] NOTICE: exiting, bye-bye!
[21-Jan-2020 14:56:45] NOTICE: fpm is running, pid 9
[21-Jan-2020 14:56:45] NOTICE: ready to handle connections
[21-Jan-2020 14:56:45] NOTICE: systemd monitor interval set to 10000ms
[21-Jan-2020 14:58:18] NOTICE: Terminating ...
[21-Jan-2020 14:58:18] NOTICE: exiting, bye-bye!
[21-Jan-2020 14:58:28] NOTICE: fpm is running, pid 34
[21-Jan-2020 14:58:28] NOTICE: ready to handle connections
[21-Jan-2020 14:58:28] NOTICE: systemd monitor interval set to 10000ms
