[16-Jan-2020 15:35:29] NOTICE: fpm is running, pid 8
[16-Jan-2020 15:35:29] NOTICE: ready to handle connections
[16-Jan-2020 15:35:29] NOTICE: systemd monitor interval set to 10000ms
[16-Jan-2020 15:53:36] NOTICE: Terminating ...
[16-Jan-2020 15:53:36] NOTICE: exiting, bye-bye!
[16-Jan-2020 15:53:45] NOTICE: fpm is running, pid 9
[16-Jan-2020 15:53:45] NOTICE: ready to handle connections
[16-Jan-2020 15:53:45] NOTICE: systemd monitor interval set to 10000ms
[16-Jan-2020 16:37:00] NOTICE: Terminating ...
[16-Jan-2020 16:37:00] NOTICE: exiting, bye-bye!
[16-Jan-2020 16:37:06] NOTICE: fpm is running, pid 8
[16-Jan-2020 16:37:06] NOTICE: ready to handle connections
[16-Jan-2020 16:37:06] NOTICE: systemd monitor interval set to 10000ms
[16-Jan-2020 16:38:53] NOTICE: Terminating ...
[16-Jan-2020 16:38:53] NOTICE: exiting, bye-bye!
[16-Jan-2020 16:39:06] NOTICE: fpm is running, pid 8
[16-Jan-2020 16:39:07] NOTICE: ready to handle connections
[16-Jan-2020 16:39:07] NOTICE: systemd monitor interval set to 10000ms
[16-Jan-2020 16:39:59] NOTICE: Terminating ...
[16-Jan-2020 16:39:59] NOTICE: exiting, bye-bye!
[16-Jan-2020 16:40:16] NOTICE: fpm is running, pid 8
[16-Jan-2020 16:40:16] NOTICE: ready to handle connections
[16-Jan-2020 16:40:16] NOTICE: systemd monitor interval set to 10000ms
[17-Jan-2020 10:09:23] NOTICE: fpm is running, pid 8
[17-Jan-2020 10:09:23] NOTICE: ready to handle connections
[17-Jan-2020 10:09:23] NOTICE: systemd monitor interval set to 10000ms
[17-Jan-2020 10:24:09] NOTICE: fpm is running, pid 8
[17-Jan-2020 10:24:09] NOTICE: ready to handle connections
[17-Jan-2020 10:24:09] NOTICE: systemd monitor interval set to 10000ms
[17-Jan-2020 16:46:07] NOTICE: Terminating ...
[17-Jan-2020 16:46:07] NOTICE: exiting, bye-bye!
[17-Jan-2020 16:46:25] NOTICE: fpm is running, pid 8
[17-Jan-2020 16:46:25] NOTICE: ready to handle connections
[17-Jan-2020 16:46:25] NOTICE: systemd monitor interval set to 10000ms
[18-Jan-2020 00:47:44] NOTICE: fpm is running, pid 8
[18-Jan-2020 00:47:44] NOTICE: ready to handle connections
[18-Jan-2020 00:47:44] NOTICE: systemd monitor interval set to 10000ms
[18-Jan-2020 00:55:01] NOTICE: Terminating ...
[18-Jan-2020 00:55:01] NOTICE: exiting, bye-bye!
[18-Jan-2020 00:55:15] NOTICE: fpm is running, pid 9
[18-Jan-2020 00:55:15] NOTICE: ready to handle connections
[18-Jan-2020 00:55:15] NOTICE: systemd monitor interval set to 10000ms
[19-Jan-2020 07:03:31] NOTICE: fpm is running, pid 9
[19-Jan-2020 07:03:31] NOTICE: ready to handle connections
[19-Jan-2020 07:03:31] NOTICE: systemd monitor interval set to 10000ms
[19-Jan-2020 07:15:53] NOTICE: Terminating ...
[19-Jan-2020 07:15:53] NOTICE: exiting, bye-bye!
[19-Jan-2020 07:16:08] NOTICE: fpm is running, pid 8
[19-Jan-2020 07:16:08] NOTICE: ready to handle connections
[19-Jan-2020 07:16:08] NOTICE: systemd monitor interval set to 10000ms
[19-Jan-2020 10:10:17] NOTICE: fpm is running, pid 8
[19-Jan-2020 10:10:17] NOTICE: ready to handle connections
[19-Jan-2020 10:10:17] NOTICE: systemd monitor interval set to 10000ms
[19-Jan-2020 12:17:42] NOTICE: Terminating ...
[19-Jan-2020 12:17:42] NOTICE: exiting, bye-bye!
[19-Jan-2020 12:18:24] NOTICE: fpm is running, pid 8
[19-Jan-2020 12:18:24] NOTICE: ready to handle connections
[19-Jan-2020 12:18:24] NOTICE: systemd monitor interval set to 10000ms
[19-Jan-2020 12:18:49] NOTICE: Terminating ...
[19-Jan-2020 12:18:49] NOTICE: exiting, bye-bye!
[19-Jan-2020 12:19:01] NOTICE: fpm is running, pid 10
[19-Jan-2020 12:19:01] NOTICE: ready to handle connections
[19-Jan-2020 12:19:01] NOTICE: systemd monitor interval set to 10000ms
[19-Jan-2020 14:20:27] NOTICE: Terminating ...
[19-Jan-2020 14:20:27] NOTICE: exiting, bye-bye!
[19-Jan-2020 14:20:42] NOTICE: fpm is running, pid 8
[19-Jan-2020 14:20:42] NOTICE: ready to handle connections
[19-Jan-2020 14:20:42] NOTICE: systemd monitor interval set to 10000ms
[19-Jan-2020 14:35:26] NOTICE: Terminating ...
[19-Jan-2020 14:35:26] NOTICE: exiting, bye-bye!
[19-Jan-2020 14:35:35] NOTICE: fpm is running, pid 8
[19-Jan-2020 14:35:35] NOTICE: ready to handle connections
[19-Jan-2020 14:35:35] NOTICE: systemd monitor interval set to 10000ms
[19-Jan-2020 14:35:53] NOTICE: Terminating ...
[19-Jan-2020 14:35:53] NOTICE: exiting, bye-bye!
[19-Jan-2020 14:36:02] NOTICE: fpm is running, pid 8
[19-Jan-2020 14:36:02] NOTICE: ready to handle connections
[19-Jan-2020 14:36:02] NOTICE: systemd monitor interval set to 10000ms
[19-Jan-2020 14:38:40] NOTICE: Terminating ...
[19-Jan-2020 14:38:40] NOTICE: exiting, bye-bye!
[19-Jan-2020 14:38:49] NOTICE: fpm is running, pid 8
[19-Jan-2020 14:38:49] NOTICE: ready to handle connections
[19-Jan-2020 14:38:49] NOTICE: systemd monitor interval set to 10000ms
[19-Jan-2020 15:05:01] NOTICE: Terminating ...
[19-Jan-2020 15:05:01] NOTICE: exiting, bye-bye!
[19-Jan-2020 15:10:10] NOTICE: fpm is running, pid 10
[19-Jan-2020 15:10:10] NOTICE: ready to handle connections
[19-Jan-2020 15:10:11] NOTICE: systemd monitor interval set to 10000ms
[19-Jan-2020 15:14:19] NOTICE: Terminating ...
[19-Jan-2020 15:14:19] NOTICE: exiting, bye-bye!
[19-Jan-2020 15:14:28] NOTICE: fpm is running, pid 8
[19-Jan-2020 15:14:28] NOTICE: ready to handle connections
[19-Jan-2020 15:14:28] NOTICE: systemd monitor interval set to 10000ms
[19-Jan-2020 15:14:38] NOTICE: Terminating ...
[19-Jan-2020 15:14:38] NOTICE: exiting, bye-bye!
[19-Jan-2020 15:14:50] NOTICE: fpm is running, pid 8
[19-Jan-2020 15:14:50] NOTICE: ready to handle connections
[19-Jan-2020 15:14:50] NOTICE: systemd monitor interval set to 10000ms
[19-Jan-2020 15:15:24] NOTICE: Terminating ...
[19-Jan-2020 15:15:24] NOTICE: exiting, bye-bye!
[19-Jan-2020 15:15:33] NOTICE: fpm is running, pid 10
[19-Jan-2020 15:15:33] NOTICE: ready to handle connections
[19-Jan-2020 15:15:33] NOTICE: systemd monitor interval set to 10000ms
[19-Jan-2020 15:47:55] NOTICE: Terminating ...
[19-Jan-2020 15:47:55] NOTICE: exiting, bye-bye!
[19-Jan-2020 15:48:09] NOTICE: fpm is running, pid 8
[19-Jan-2020 15:48:09] NOTICE: ready to handle connections
[19-Jan-2020 15:48:09] NOTICE: systemd monitor interval set to 10000ms
[19-Jan-2020 15:53:29] NOTICE: Terminating ...
[19-Jan-2020 15:53:29] NOTICE: exiting, bye-bye!
[19-Jan-2020 15:53:30] NOTICE: fpm is running, pid 63
[19-Jan-2020 15:53:30] NOTICE: ready to handle connections
[19-Jan-2020 15:53:30] NOTICE: systemd monitor interval set to 10000ms
[19-Jan-2020 15:56:43] NOTICE: Terminating ...
[19-Jan-2020 15:56:43] NOTICE: exiting, bye-bye!
[19-Jan-2020 15:56:44] NOTICE: fpm is running, pid 84
[19-Jan-2020 15:56:44] NOTICE: ready to handle connections
[19-Jan-2020 15:56:44] NOTICE: systemd monitor interval set to 10000ms
[19-Jan-2020 16:39:45] NOTICE: Terminating ...
[19-Jan-2020 16:39:45] NOTICE: exiting, bye-bye!
[19-Jan-2020 16:40:42] NOTICE: fpm is running, pid 8
[19-Jan-2020 16:40:42] NOTICE: ready to handle connections
[19-Jan-2020 16:40:42] NOTICE: systemd monitor interval set to 10000ms
[19-Jan-2020 17:55:18] NOTICE: Terminating ...
[19-Jan-2020 17:55:18] NOTICE: exiting, bye-bye!
[19-Jan-2020 17:55:37] NOTICE: fpm is running, pid 8
[19-Jan-2020 17:55:37] NOTICE: ready to handle connections
[19-Jan-2020 17:55:37] NOTICE: systemd monitor interval set to 10000ms
[19-Jan-2020 17:55:48] NOTICE: Terminating ...
[19-Jan-2020 17:55:48] NOTICE: exiting, bye-bye!
[19-Jan-2020 17:55:59] NOTICE: fpm is running, pid 8
[19-Jan-2020 17:55:59] NOTICE: ready to handle connections
[19-Jan-2020 17:55:59] NOTICE: systemd monitor interval set to 10000ms
[19-Jan-2020 17:59:43] NOTICE: Terminating ...
[19-Jan-2020 17:59:43] NOTICE: exiting, bye-bye!
[19-Jan-2020 17:59:53] NOTICE: fpm is running, pid 8
[19-Jan-2020 17:59:53] NOTICE: ready to handle connections
[19-Jan-2020 17:59:53] NOTICE: systemd monitor interval set to 10000ms
[20-Jan-2020 00:05:42] NOTICE: Terminating ...
[20-Jan-2020 00:05:42] NOTICE: exiting, bye-bye!
[20-Jan-2020 00:06:07] NOTICE: fpm is running, pid 8
[20-Jan-2020 00:06:07] NOTICE: ready to handle connections
[20-Jan-2020 00:06:07] NOTICE: systemd monitor interval set to 10000ms
[20-Jan-2020 01:54:50] NOTICE: Terminating ...
[20-Jan-2020 01:54:50] NOTICE: exiting, bye-bye!
[20-Jan-2020 01:54:51] NOTICE: fpm is running, pid 32
[20-Jan-2020 01:54:51] NOTICE: ready to handle connections
[20-Jan-2020 01:54:52] NOTICE: systemd monitor interval set to 10000ms
[20-Jan-2020 10:26:42] NOTICE: Terminating ...
[20-Jan-2020 10:26:42] NOTICE: exiting, bye-bye!
[20-Jan-2020 10:27:09] NOTICE: fpm is running, pid 8
[20-Jan-2020 10:27:09] NOTICE: ready to handle connections
[20-Jan-2020 10:27:09] NOTICE: systemd monitor interval set to 10000ms
[20-Jan-2020 10:40:50] NOTICE: Terminating ...
[20-Jan-2020 10:40:50] NOTICE: exiting, bye-bye!
[20-Jan-2020 10:41:13] NOTICE: fpm is running, pid 8
[20-Jan-2020 10:41:13] NOTICE: ready to handle connections
[20-Jan-2020 10:41:13] NOTICE: systemd monitor interval set to 10000ms
[20-Jan-2020 10:48:58] NOTICE: Terminating ...
[20-Jan-2020 10:48:58] NOTICE: exiting, bye-bye!
[20-Jan-2020 10:49:08] NOTICE: fpm is running, pid 9
[20-Jan-2020 10:49:08] NOTICE: ready to handle connections
[20-Jan-2020 10:49:08] NOTICE: systemd monitor interval set to 10000ms
[20-Jan-2020 10:49:28] NOTICE: Terminating ...
[20-Jan-2020 10:49:28] NOTICE: exiting, bye-bye!
[20-Jan-2020 10:50:23] NOTICE: fpm is running, pid 8
[20-Jan-2020 10:50:23] NOTICE: ready to handle connections
[20-Jan-2020 10:50:23] NOTICE: systemd monitor interval set to 10000ms
[20-Jan-2020 10:51:51] NOTICE: Terminating ...
[20-Jan-2020 10:51:51] NOTICE: exiting, bye-bye!
[20-Jan-2020 10:52:03] NOTICE: fpm is running, pid 8
[20-Jan-2020 10:52:03] NOTICE: ready to handle connections
[20-Jan-2020 10:52:03] NOTICE: systemd monitor interval set to 10000ms
[20-Jan-2020 10:53:48] NOTICE: Terminating ...
[20-Jan-2020 10:53:48] NOTICE: exiting, bye-bye!
[20-Jan-2020 10:54:00] NOTICE: fpm is running, pid 8
[20-Jan-2020 10:54:00] NOTICE: ready to handle connections
[20-Jan-2020 10:54:00] NOTICE: systemd monitor interval set to 10000ms
[20-Jan-2020 14:39:56] NOTICE: Terminating ...
[20-Jan-2020 14:39:56] NOTICE: exiting, bye-bye!
[20-Jan-2020 14:40:12] NOTICE: fpm is running, pid 9
[20-Jan-2020 14:40:12] NOTICE: ready to handle connections
[20-Jan-2020 14:40:12] NOTICE: systemd monitor interval set to 10000ms
[20-Jan-2020 14:58:22] NOTICE: Terminating ...
[20-Jan-2020 14:58:22] NOTICE: exiting, bye-bye!
[20-Jan-2020 14:58:36] NOTICE: fpm is running, pid 8
[20-Jan-2020 14:58:36] NOTICE: ready to handle connections
[20-Jan-2020 14:58:36] NOTICE: systemd monitor interval set to 10000ms
[20-Jan-2020 15:49:15] NOTICE: Terminating ...
[20-Jan-2020 15:49:15] NOTICE: exiting, bye-bye!
[20-Jan-2020 15:50:28] NOTICE: fpm is running, pid 8
[20-Jan-2020 15:50:28] NOTICE: ready to handle connections
[20-Jan-2020 15:50:28] NOTICE: systemd monitor interval set to 10000ms
[21-Jan-2020 14:44:29] NOTICE: fpm is running, pid 8
[21-Jan-2020 14:44:29] NOTICE: ready to handle connections
[21-Jan-2020 14:44:29] NOTICE: systemd monitor interval set to 10000ms
[21-Jan-2020 14:45:40] NOTICE: Terminating ...
[21-Jan-2020 14:45:40] NOTICE: exiting, bye-bye!
[21-Jan-2020 14:50:30] NOTICE: fpm is running, pid 9
[21-Jan-2020 14:50:30] NOTICE: ready to handle connections
[21-Jan-2020 14:50:30] NOTICE: systemd monitor interval set to 10000ms
[21-Jan-2020 14:50:55] NOTICE: Terminating ...
[21-Jan-2020 14:50:55] NOTICE: exiting, bye-bye!
[21-Jan-2020 14:56:45] NOTICE: fpm is running, pid 8
[21-Jan-2020 14:56:45] NOTICE: ready to handle connections
[21-Jan-2020 14:56:45] NOTICE: systemd monitor interval set to 10000ms
